<?xml version="1.0"?>
<testsuite name="Chrome 70.0.3538 (Mac OS X 10.13.6)" package="" timestamp="2018-10-20T04:22:17" id="0" hostname="dreamerhesdembp.dyndns.rice.edu" tests="25" errors="0" failures="0" time="1.324">
  <properties>
    <property name="browser.fullName" value="Mozilla/5.0 (Macintosh; Intel Mac OS X 10_13_6) AppleWebKit/537.36 (KHTML, like Gecko) Chrome/70.0.3538.67 Safari/537.36"/>
  </properties>
  <testcase name="AppComponent should create the app" time="0.024" classname="Chrome_70_0_3538_(Mac_OS_X_10_13_6).AppComponent"/>
  <testcase name="AppComponent should have as title 'ricebook'" time="0.016" classname="Chrome_70_0_3538_(Mac_OS_X_10_13_6).AppComponent"/>
  <testcase name="AuthComponent auth should create" time="0.282" classname="Chrome_70_0_3538_(Mac_OS_X_10_13_6).AuthComponent"/>
  <testcase name="LoginComponent should create" time="0.056" classname="Chrome_70_0_3538_(Mac_OS_X_10_13_6).LoginComponent"/>
  <testcase name="LoginComponent should update success message (for displaying login success message to user)" time="0.053" classname="Chrome_70_0_3538_(Mac_OS_X_10_13_6).LoginComponent"/>
  <testcase name="LoginComponent should update error message (for displaying login error mesage to user)" time="0.047" classname="Chrome_70_0_3538_(Mac_OS_X_10_13_6).LoginComponent"/>
  <testcase name="RegisterationComponent should create" time="0.105" classname="Chrome_70_0_3538_(Mac_OS_X_10_13_6).RegisterationComponent"/>
  <testcase name="FollowingComponent should create" time="0.071" classname="Chrome_70_0_3538_(Mac_OS_X_10_13_6).FollowingComponent"/>
  <testcase name="FollowingService should be created" time="0.007" classname="Chrome_70_0_3538_(Mac_OS_X_10_13_6).FollowingService"/>
  <testcase name="HeadlineComponent should create" time="0.013" classname="Chrome_70_0_3538_(Mac_OS_X_10_13_6).HeadlineComponent"/>
  <testcase name="MainComponent should create" time="0.115" classname="Chrome_70_0_3538_(Mac_OS_X_10_13_6).MainComponent"/>
  <testcase name="PostsComponent should create" time="0.084" classname="Chrome_70_0_3538_(Mac_OS_X_10_13_6).PostsComponent"/>
  <testcase name="PostsComponent should update the search keyword" time="0.086" classname="Chrome_70_0_3538_(Mac_OS_X_10_13_6).PostsComponent"/>
  <testcase name="PostsComponent should filter displayed articles by the search keyword" time="0.064" classname="Chrome_70_0_3538_(Mac_OS_X_10_13_6).PostsComponent"/>
  <testcase name="PostsService should be created" time="0.006" classname="Chrome_70_0_3538_(Mac_OS_X_10_13_6).PostsService"/>
  <testcase name="PostsService Test Article: should fetch articles for current logged in user" time="0.004" classname="Chrome_70_0_3538_(Mac_OS_X_10_13_6).PostsService"/>
  <testcase name="PostsService should add articles when adding a follower" time="0.005" classname="Chrome_70_0_3538_(Mac_OS_X_10_13_6).PostsService"/>
  <testcase name="PostsService should remove articles when removing a follower" time="0.008" classname="Chrome_70_0_3538_(Mac_OS_X_10_13_6).PostsService"/>
  <testcase name="SelfComponent should create" time="0.025" classname="Chrome_70_0_3538_(Mac_OS_X_10_13_6).SelfComponent"/>
  <testcase name="SelfComponent should log out a user (login state should be cleared)" time="0.033" classname="Chrome_70_0_3538_(Mac_OS_X_10_13_6).SelfComponent"/>
  <testcase name="ProfileComponent should create" time="0.108" classname="Chrome_70_0_3538_(Mac_OS_X_10_13_6).ProfileComponent"/>
  <testcase name="ProfileComponent should fetch the user's profile information" time="0.096" classname="Chrome_70_0_3538_(Mac_OS_X_10_13_6).ProfileComponent"/>
  <testcase name="ProfileService should be created" time="0.006" classname="Chrome_70_0_3538_(Mac_OS_X_10_13_6).ProfileService"/>
  <testcase name="ProfileService should log in a user" time="0.004" classname="Chrome_70_0_3538_(Mac_OS_X_10_13_6).ProfileService"/>
  <testcase name="ProfileService should not log in an invalid user" time="0.006" classname="Chrome_70_0_3538_(Mac_OS_X_10_13_6).ProfileService"/>
  <system-out>
    <![CDATA[
]]>
  </system-out>
  <system-err/>
</testsuite>