<?xml version="1.0" encoding="UTF-8" ?>
<testsuites disabled="0" errors="0" failures="0" tests="6" time="20.011">
 <testsuite name="" timestamp="2018-11-10T17:08:57" hostname="localhost" time="7.119" errors="0" tests="3" skipped="0" disabled="0" failures="0">
  <testcase classname="" name="should Register a new user named &quot;realUser&quot;" time="2.083" />
  <testcase classname="" name="should Log in and log out as &quot;realUser&quot;" time="2.366" />
  <testcase classname="" name="should Log in and log out a test user" time="2.669" />
 </testsuite>
 <testsuite name="" timestamp="2018-11-10T17:09:04" hostname="localhost" time="12.892" errors="0" tests="3" skipped="0" disabled="0" failures="0">
  <testcase classname="" name="should Create new article and validate article appears in feed" time="5.683" />
  <testcase classname="" name="should Update headline" time="3.739" />
  <testcase classname="" name="search for a specific post" time="3.47" />
 </testsuite>
</testsuites>