TN:
SF:/Users/yuan/Desktop/study/git/version-control/ricebook/hw5/ricebook/src/polyfills.ts
FNF:0
FNH:0
LF:0
LH:0
BRF:0
BRH:0
end_of_record
TN:
SF:/Users/yuan/Desktop/study/git/version-control/ricebook/hw5/ricebook/src/test.ts
FNF:0
FNH:0
DA:13,1
DA:18,1
DA:20,1
LF:3
LH:3
BRF:0
BRH:0
end_of_record
TN:
SF:/Users/yuan/Desktop/study/git/version-control/ricebook/hw5/ricebook/src/app/app.component.ts
FN:8,(anonymous_1)
FN:3,AppComponent
FNF:2
FNH:2
FNDA:1,(anonymous_1)
FNDA:2,AppComponent
DA:8,1
DA:9,2
DA:10,1
LF:3
LH:3
BRF:0
BRH:0
end_of_record
TN:
SF:/Users/yuan/Desktop/study/git/version-control/ricebook/hw5/ricebook/src/app/user.ts
FN:1,(anonymous_0)
FN:11,User
FN:25,(anonymous_2)
FNF:3
FNH:2
FNDA:1,(anonymous_0)
FNDA:8,User
FNDA:0,(anonymous_2)
DA:1,1
DA:14,8
DA:15,8
DA:16,8
DA:17,8
DA:18,8
DA:19,8
DA:20,8
DA:21,8
DA:22,8
DA:25,1
DA:26,0
DA:28,1
LF:13
LH:12
BRF:0
BRH:0
end_of_record
TN:
SF:/Users/yuan/Desktop/study/git/version-control/ricebook/hw5/ricebook/src/app/auth/auth.component.ts
FN:8,(anonymous_2)
FN:9,AuthComponent
FN:11,(anonymous_4)
FNF:3
FNH:3
FNDA:1,(anonymous_2)
FNDA:1,AuthComponent
FNDA:1,(anonymous_4)
DA:8,1
DA:11,1
DA:13,1
LF:3
LH:3
BRF:0
BRH:0
end_of_record
TN:
SF:/Users/yuan/Desktop/study/git/version-control/ricebook/hw5/ricebook/src/app/auth/login/login.component.ts
FN:12,(anonymous_2)
FN:20,LoginComponent
FN:22,(anonymous_4)
FN:24,(anonymous_5)
FN:31,(anonymous_6)
FN:33,(anonymous_7)
FN:36,(anonymous_8)
FNF:7
FNH:3
FNDA:1,(anonymous_2)
FNDA:5,LoginComponent
FNDA:4,(anonymous_4)
FNDA:0,(anonymous_5)
FNDA:0,(anonymous_6)
FNDA:0,(anonymous_7)
FNDA:0,(anonymous_8)
DA:12,1
DA:16,5
DA:17,5
DA:20,5
DA:22,1
DA:24,1
DA:25,0
DA:26,0
DA:28,0
DA:31,1
DA:32,0
DA:34,0
DA:35,0
DA:36,0
DA:37,0
DA:40,0
DA:42,0
DA:45,1
LF:18
LH:8
BRDA:25,0,0,0
BRDA:25,0,1,0
BRDA:34,1,0,0
BRDA:34,1,1,0
BRF:4
BRH:0
end_of_record
TN:
SF:/Users/yuan/Desktop/study/git/version-control/ricebook/hw5/ricebook/src/app/auth/registeration/registeration.component.ts
FN:10,(anonymous_2)
FN:21,RegisterationComponent
FN:23,(anonymous_4)
FN:26,(anonymous_5)
FNF:4
FNH:3
FNDA:1,(anonymous_2)
FNDA:2,RegisterationComponent
FNDA:2,(anonymous_4)
FNDA:0,(anonymous_5)
DA:10,1
DA:21,2
DA:23,1
DA:26,1
DA:27,0
DA:30,0
DA:40,1
LF:7
LH:5
BRDA:27,0,0,0
BRDA:27,0,1,0
BRF:2
BRH:0
end_of_record
TN:
SF:/Users/yuan/Desktop/study/git/version-control/ricebook/hw5/ricebook/src/app/main/follower.ts
FN:1,(anonymous_0)
FN:7,Follower
FNF:2
FNH:2
FNDA:1,(anonymous_0)
FNDA:13,Follower
DA:1,1
DA:9,13
DA:10,13
DA:11,13
DA:12,13
DA:14,1
LF:6
LH:6
BRF:0
BRH:0
end_of_record
TN:
SF:/Users/yuan/Desktop/study/git/version-control/ricebook/hw5/ricebook/src/app/main/main.component.ts
FN:10,(anonymous_2)
FN:13,MainComponent
FN:19,(anonymous_4)
FN:27,(anonymous_5)
FN:33,(anonymous_6)
FNF:5
FNH:3
FNDA:1,(anonymous_2)
FNDA:1,MainComponent
FNDA:1,(anonymous_4)
FNDA:0,(anonymous_5)
FNDA:0,(anonymous_6)
DA:10,1
DA:11,1
DA:14,1
DA:15,1
DA:19,1
DA:20,1
DA:21,2
DA:22,2
DA:27,1
DA:28,0
DA:29,0
DA:30,0
DA:33,1
DA:34,0
DA:35,0
DA:36,0
DA:37,0
DA:39,1
LF:18
LH:11
BRF:0
BRH:0
end_of_record
TN:
SF:/Users/yuan/Desktop/study/git/version-control/ricebook/hw5/ricebook/src/app/main/following/following.component.ts
FN:12,(anonymous_2)
FN:21,FollowingComponent
FN:23,(anonymous_4)
FN:25,(anonymous_5)
FN:28,(anonymous_6)
FN:48,(anonymous_7)
FNF:6
FNH:3
FNDA:1,(anonymous_2)
FNDA:2,FollowingComponent
FNDA:2,(anonymous_4)
FNDA:0,(anonymous_5)
FNDA:0,(anonymous_6)
FNDA:0,(anonymous_7)
DA:12,1
DA:14,3
DA:15,1
DA:16,3
DA:17,3
DA:18,2
DA:19,2
DA:21,2
DA:23,1
DA:25,1
DA:26,0
DA:27,0
DA:29,0
DA:30,0
DA:31,0
DA:33,0
DA:34,0
DA:35,0
DA:38,0
DA:39,0
DA:40,0
DA:42,0
DA:48,1
DA:49,0
DA:51,1
LF:25
LH:12
BRDA:26,0,0,0
BRDA:26,0,1,0
BRDA:26,1,0,0
BRDA:26,1,1,0
BRDA:29,2,0,0
BRDA:29,2,1,0
BRDA:30,3,0,0
BRDA:30,3,1,0
BRDA:30,4,0,0
BRDA:30,4,1,0
BRDA:34,5,0,0
BRDA:34,5,1,0
BRF:12
BRH:0
end_of_record
TN:
SF:/Users/yuan/Desktop/study/git/version-control/ricebook/hw5/ricebook/src/app/main/following/following.service.ts
FN:11,(anonymous_2)
FN:17,FollowingService
FN:19,(anonymous_4)
FN:21,(anonymous_5)
FNF:4
FNH:4
FNDA:1,(anonymous_2)
FNDA:13,FollowingService
FNDA:1,(anonymous_4)
FNDA:1,(anonymous_5)
DA:11,1
DA:12,13
DA:14,13
DA:15,13
DA:17,13
DA:19,1
DA:20,1
DA:22,1
DA:23,1
DA:24,1
DA:29,1
LF:11
LH:11
BRDA:23,0,0,1
BRDA:23,0,1,0
BRF:2
BRH:1
end_of_record
TN:
SF:/Users/yuan/Desktop/study/git/version-control/ricebook/hw5/ricebook/src/app/main/headline/headline.component.ts
FN:8,(anonymous_2)
FN:10,HeadlineComponent
FN:12,(anonymous_4)
FNF:3
FNH:3
FNDA:1,(anonymous_2)
FNDA:3,HeadlineComponent
FNDA:3,(anonymous_4)
DA:8,1
DA:9,1
DA:12,1
DA:15,1
LF:4
LH:4
BRF:0
BRH:0
end_of_record
TN:
SF:/Users/yuan/Desktop/study/git/version-control/ricebook/hw5/ricebook/src/app/main/posts/article.ts
FN:1,(anonymous_0)
FN:7,Article
FNF:2
FNH:2
FNDA:1,(anonymous_0)
FNDA:10,Article
DA:1,1
DA:8,10
DA:9,10
DA:10,10
DA:11,10
DA:12,10
DA:14,1
LF:7
LH:7
BRF:0
BRH:0
end_of_record
TN:
SF:/Users/yuan/Desktop/study/git/version-control/ricebook/hw5/ricebook/src/app/main/posts/posts.component.ts
FN:11,(anonymous_2)
FN:22,PostsComponent
FN:25,(anonymous_4)
FN:29,(anonymous_5)
FN:31,(anonymous_6)
FN:49,(anonymous_7)
FN:63,(anonymous_8)
FNF:7
FNH:6
FNDA:1,(anonymous_2)
FNDA:4,PostsComponent
FNDA:1,(anonymous_4)
FNDA:1,(anonymous_5)
FNDA:1,(anonymous_6)
FNDA:0,(anonymous_7)
FNDA:2,(anonymous_8)
DA:11,1
DA:12,1
DA:13,1
DA:14,1
DA:16,4
DA:17,4
DA:19,4
DA:21,4
DA:22,4
DA:25,1
DA:26,1
DA:29,1
DA:30,1
DA:32,1
DA:33,1
DA:35,1
DA:36,0
DA:37,0
DA:38,0
DA:41,4
DA:42,4
DA:43,4
DA:44,4
DA:49,1
DA:50,0
DA:51,0
DA:52,0
DA:53,0
DA:54,0
DA:55,0
DA:56,0
DA:57,0
DA:58,0
DA:59,0
DA:63,1
DA:64,2
DA:65,2
DA:66,6
DA:67,6
DA:68,2
DA:71,2
DA:73,0
DA:74,0
DA:78,1
LF:44
LH:29
BRDA:35,0,0,0
BRDA:35,0,1,1
BRDA:50,1,0,0
BRDA:50,1,1,0
BRDA:64,2,0,2
BRDA:64,2,1,0
BRDA:67,3,0,2
BRDA:67,3,1,4
BRDA:67,4,0,6
BRDA:67,4,1,4
BRF:10
BRH:6
end_of_record
TN:
SF:/Users/yuan/Desktop/study/git/version-control/ricebook/hw5/ricebook/src/app/main/posts/posts.service.ts
FN:10,(anonymous_2)
FN:12,PostsService
FN:14,(anonymous_4)
FN:16,(anonymous_5)
FNF:4
FNH:4
FNDA:1,(anonymous_2)
FNDA:19,PostsService
FNDA:4,(anonymous_4)
FNDA:1,(anonymous_5)
DA:10,1
DA:11,19
DA:12,19
DA:14,1
DA:15,4
DA:17,1
DA:18,11
DA:19,22
DA:20,22
DA:21,4
DA:25,1
DA:29,1
LF:12
LH:12
BRDA:20,0,0,4
BRDA:20,0,1,18
BRDA:20,1,0,22
BRDA:20,1,1,18
BRF:4
BRH:4
end_of_record
TN:
SF:/Users/yuan/Desktop/study/git/version-control/ricebook/hw5/ricebook/src/app/main/self/self.component.ts
FN:9,(anonymous_2)
FN:12,SelfComponent
FN:18,(anonymous_4)
FN:21,(anonymous_5)
FN:28,(anonymous_6)
FNF:5
FNH:4
FNDA:1,(anonymous_2)
FNDA:3,SelfComponent
FNDA:3,(anonymous_4)
FNDA:0,(anonymous_5)
FNDA:1,(anonymous_6)
DA:9,1
DA:13,3
DA:14,3
DA:18,1
DA:21,1
DA:22,0
DA:23,0
DA:24,0
DA:28,1
DA:29,1
DA:31,1
LF:11
LH:8
BRDA:22,0,0,0
BRDA:22,0,1,0
BRF:2
BRH:0
end_of_record
TN:
SF:/Users/yuan/Desktop/study/git/version-control/ricebook/hw5/ricebook/src/app/profile/profile.component.ts
FN:11,(anonymous_2)
FN:21,ProfileComponent
FN:27,(anonymous_4)
FN:29,(anonymous_5)
FNF:4
FNH:3
FNDA:1,(anonymous_2)
FNDA:1,ProfileComponent
FNDA:1,(anonymous_4)
FNDA:0,(anonymous_5)
DA:11,1
DA:21,1
DA:22,1
DA:23,1
DA:27,1
DA:29,1
DA:30,0
DA:31,0
DA:32,0
DA:34,0
DA:35,0
DA:37,0
DA:38,0
DA:40,0
DA:41,0
DA:43,0
DA:44,0
DA:46,0
DA:50,1
LF:19
LH:7
BRDA:30,0,0,0
BRDA:30,0,1,0
BRDA:31,1,0,0
BRDA:31,1,1,0
BRDA:31,2,0,0
BRDA:31,2,1,0
BRDA:34,3,0,0
BRDA:34,3,1,0
BRDA:34,4,0,0
BRDA:34,4,1,0
BRDA:37,5,0,0
BRDA:37,5,1,0
BRDA:37,6,0,0
BRDA:37,6,1,0
BRDA:40,7,0,0
BRDA:40,7,1,0
BRDA:40,8,0,0
BRDA:40,8,1,0
BRDA:43,9,0,0
BRDA:43,9,1,0
BRDA:43,10,0,0
BRDA:43,10,1,0
BRF:22
BRH:0
end_of_record
TN:
SF:/Users/yuan/Desktop/study/git/version-control/ricebook/hw5/ricebook/src/app/profile/profile.service.ts
FN:12,(anonymous_2)
FN:15,ProfileService
FN:17,(anonymous_4)
FN:21,(anonymous_5)
FN:22,(anonymous_6)
FN:32,(anonymous_7)
FN:34,(anonymous_8)
FN:35,(anonymous_9)
FN:47,(anonymous_10)
FN:49,(anonymous_11)
FN:50,(anonymous_12)
FNF:11
FNH:7
FNDA:1,(anonymous_2)
FNDA:12,ProfileService
FNDA:0,(anonymous_4)
FNDA:1,(anonymous_5)
FNDA:1,(anonymous_6)
FNDA:4,(anonymous_7)
FNDA:1,(anonymous_8)
FNDA:1,(anonymous_9)
FNDA:0,(anonymous_10)
FNDA:0,(anonymous_11)
FNDA:0,(anonymous_12)
DA:12,1
DA:13,12
DA:14,12
DA:15,12
DA:17,1
DA:18,0
DA:21,1
DA:22,1
DA:23,1
DA:24,2
DA:25,2
DA:28,1
DA:32,4
DA:33,4
DA:34,1
DA:36,1
DA:37,1
DA:38,1
DA:39,1
DA:40,1
DA:43,0
DA:47,1
DA:48,0
DA:49,0
DA:51,0
DA:52,0
DA:53,0
DA:56,0
DA:59,1
LF:29
LH:21
BRDA:37,0,0,1
BRDA:37,0,1,0
BRDA:37,1,0,1
BRDA:37,1,1,1
BRDA:52,2,0,0
BRDA:52,2,1,0
BRF:6
BRH:3
end_of_record
